INPUT FILE = ..\..\mdmt40.56.A.ins
TENURE = 40
INITIAL SOLUTION = STEPS
SEED = 1679628185
ITERATIONS RAN = 800
TABU RUNTIME = 117 SECONDS
BEST VALUE = 7946
-----------------------------
INPUT FILE = ..\..\mdmt40.56.A.ins
TENURE = 10
INITIAL SOLUTION = STEPS
SEED = 1679629252
ITERATIONS RAN = 800
TABU RUNTIME = 106 SECONDS
BEST VALUE = 7710
-----------------------------
INPUT FILE = ..\..\mdmt40.56.A.ins
TENURE = 80
INITIAL SOLUTION = STEPS
SEED = 1679630356
ITERATIONS RAN = 900
TABU RUNTIME = 105 SECONDS
BEST VALUE = 7820
-----------------------------
INPUT FILE = ..\..\mdmt40.56.A.ins
TENURE = 60
INITIAL SOLUTION = STEPS
SEED = 1679631627
ITERATIONS RAN = 900
TABU RUNTIME = 106 SECONDS
BEST VALUE = 7847
-----------------------------
