INPUT FILE = ../../MDMT/mdmt39.112.A.ins
TENURE = 90
PATIENCE = 100
INITIAL SOLUTION = STEPS
SEED = 1678411533
ITERATIONS RAN = 373
REASON = Too many global neighbourhood searches
TABU RUNTIME = 175 SECONDS
BEST VALUE = 5757
INPUT FILE = ../../MDMT/mdmt39.112.A.ins
TENURE = 40
PATIENCE = 1000
INITIAL SOLUTION = STEPS
SEED = 1678412381
ITERATIONS RAN = 400
REASON = Iteration limit reached
TABU RUNTIME = 193 SECONDS
BEST VALUE = 5757
-----------------------------
INPUT FILE = ../../MDMT/mdmt39.112.A.ins
TENURE = 40
PATIENCE = 10
INITIAL SOLUTION = STEPS
SEED = 1678412909
ITERATIONS RAN = 400
REASON = Iteration limit reached
TABU RUNTIME = 411 SECONDS
BEST VALUE = 5806
-----------------------------
INPUT FILE = ../../MDMT/mdmt39.112.A.ins
TENURE = 20
PATIENCE = 10
INITIAL SOLUTION = STEPS
SEED = 1678413373
ITERATIONS RAN = 800
REASON = Iteration limit reached
TABU RUNTIME = 1456 SECONDS
BEST VALUE = 5970
-----------------------------
INPUT FILE = ../../MDMT/mdmt39.112.A.ins
TENURE = 20
PATIENCE = 3
INITIAL SOLUTION = STEPS
SEED = 1678415149
ITERATIONS RAN = 400
REASON = Iteration limit reached
TABU RUNTIME = 797 SECONDS
BEST VALUE = 5867
-----------------------------
INPUT FILE = ../../MDMT/mdmt39.112.A.ins
TENURE = 20
PATIENCE = 40
INITIAL SOLUTION = RANDOM
SEED = 1678417961
ITERATIONS RAN = 400
REASON = Iteration limit reached
TABU RUNTIME = 359 SECONDS
BEST VALUE = 5737
-----------------------------
