INPUT FILE = ..\..\mdmt39.225.B.ins
TENURE = 40
INITIAL SOLUTION = STEPS
SEED = 1679628113
ITERATIONS RAN = 800
TABU RUNTIME = 71 SECONDS
BEST VALUE = 4094
-----------------------------
INPUT FILE = ..\..\mdmt39.225.B.ins
TENURE = 10
INITIAL SOLUTION = STEPS
SEED = 1679629180
ITERATIONS RAN = 800
TABU RUNTIME = 71 SECONDS
BEST VALUE = 3940
-----------------------------
INPUT FILE = ..\..\mdmt39.225.B.ins
TENURE = 80
INITIAL SOLUTION = STEPS
SEED = 1679630285
ITERATIONS RAN = 900
TABU RUNTIME = 71 SECONDS
BEST VALUE = 4228
-----------------------------
INPUT FILE = ..\..\mdmt39.225.B.ins
TENURE = 60
INITIAL SOLUTION = STEPS
SEED = 1679631562
ITERATIONS RAN = 900
TABU RUNTIME = 65 SECONDS
BEST VALUE = 4140
-----------------------------
