INPUT FILE = ..\..\mdmt40.225.B.ins
TENURE = 40
INITIAL SOLUTION = STEPS
SEED = 1679628740
ITERATIONS RAN = 800
TABU RUNTIME = 83 SECONDS
BEST VALUE = 4196
-----------------------------
INPUT FILE = ..\..\mdmt40.225.B.ins
TENURE = 10
INITIAL SOLUTION = STEPS
SEED = 1679629795
ITERATIONS RAN = 800
TABU RUNTIME = 73 SECONDS
BEST VALUE = 4060
-----------------------------
INPUT FILE = ..\..\mdmt40.225.B.ins
TENURE = 80
INITIAL SOLUTION = STEPS
SEED = 1679630828
ITERATIONS RAN = 900
TABU RUNTIME = 64 SECONDS
BEST VALUE = 4380
-----------------------------
INPUT FILE = ..\..\mdmt40.225.B.ins
TENURE = 60
INITIAL SOLUTION = STEPS
SEED = 1679632084
ITERATIONS RAN = 900
TABU RUNTIME = 60 SECONDS
BEST VALUE = 4369
-----------------------------
