INPUT FILE = ..\..\mdmt39.225.A.ins
TENURE = 40
INITIAL SOLUTION = STEPS
SEED = 1679628050
ITERATIONS RAN = 800
TABU RUNTIME = 63 SECONDS
BEST VALUE = 4121
-----------------------------
INPUT FILE = ..\..\mdmt39.225.A.ins
TENURE = 10
INITIAL SOLUTION = STEPS
SEED = 1679629119
ITERATIONS RAN = 800
TABU RUNTIME = 61 SECONDS
BEST VALUE = 3978
-----------------------------
INPUT FILE = ..\..\mdmt39.225.A.ins
TENURE = 80
INITIAL SOLUTION = STEPS
SEED = 1679630223
ITERATIONS RAN = 900
TABU RUNTIME = 61 SECONDS
BEST VALUE = 4104
-----------------------------
INPUT FILE = ..\..\mdmt39.225.A.ins
TENURE = 60
INITIAL SOLUTION = STEPS
SEED = 1679631501
ITERATIONS RAN = 900
TABU RUNTIME = 60 SECONDS
BEST VALUE = 4183
-----------------------------
