INPUT FILE = ..\..\mdmt40.56.B.ins
TENURE = 40
INITIAL SOLUTION = STEPS
SEED = 1679628302
ITERATIONS RAN = 800
TABU RUNTIME = 121 SECONDS
BEST VALUE = 8119
-----------------------------
INPUT FILE = ..\..\mdmt40.56.B.ins
TENURE = 10
INITIAL SOLUTION = STEPS
SEED = 1679629359
ITERATIONS RAN = 800
TABU RUNTIME = 141 SECONDS
BEST VALUE = 7648
-----------------------------
INPUT FILE = ..\..\mdmt40.56.B.ins
TENURE = 80
INITIAL SOLUTION = STEPS
SEED = 1679630462
ITERATIONS RAN = 900
TABU RUNTIME = 101 SECONDS
BEST VALUE = 7763
-----------------------------
INPUT FILE = ..\..\mdmt40.56.B.ins
TENURE = 60
INITIAL SOLUTION = STEPS
SEED = 1679631733
ITERATIONS RAN = 900
TABU RUNTIME = 102 SECONDS
BEST VALUE = 8068
-----------------------------
