INPUT FILE = ..\..\mdmt40.112.B.ins
TENURE = 40
INITIAL SOLUTION = STEPS
SEED = 1679628539
ITERATIONS RAN = 800
TABU RUNTIME = 117 SECONDS
BEST VALUE = 5967
-----------------------------
INPUT FILE = ..\..\mdmt40.112.B.ins
TENURE = 10
INITIAL SOLUTION = STEPS
SEED = 1679629627
ITERATIONS RAN = 800
TABU RUNTIME = 98 SECONDS
BEST VALUE = 5825
-----------------------------
INPUT FILE = ..\..\mdmt40.112.B.ins
TENURE = 80
INITIAL SOLUTION = STEPS
SEED = 1679630661
ITERATIONS RAN = 900
TABU RUNTIME = 98 SECONDS
BEST VALUE = 6036
-----------------------------
INPUT FILE = ..\..\mdmt40.112.B.ins
TENURE = 60
INITIAL SOLUTION = STEPS
SEED = 1679631933
ITERATIONS RAN = 900
TABU RUNTIME = 90 SECONDS
BEST VALUE = 6088
-----------------------------
