INPUT FILE = ..\..\mdmt39.112.B.ins
TENURE = 40
INITIAL SOLUTION = STEPS
SEED = 1679627968
ITERATIONS RAN = 800
TABU RUNTIME = 82 SECONDS
BEST VALUE = 5751
-----------------------------
INPUT FILE = ..\..\mdmt39.112.B.ins
TENURE = 10
INITIAL SOLUTION = STEPS
SEED = 1679629009
ITERATIONS RAN = 800
TABU RUNTIME = 110 SECONDS
BEST VALUE = 5401
-----------------------------
INPUT FILE = ..\..\mdmt39.112.B.ins
TENURE = 80
INITIAL SOLUTION = STEPS
SEED = 1679630132
ITERATIONS RAN = 900
TABU RUNTIME = 90 SECONDS
BEST VALUE = 5770
-----------------------------
INPUT FILE = ..\..\mdmt39.112.B.ins
TENURE = 60
INITIAL SOLUTION = STEPS
SEED = 1679631412
ITERATIONS RAN = 900
TABU RUNTIME = 88 SECONDS
BEST VALUE = 5769
-----------------------------
