INPUT FILE = ..\..\mdmt40.112.A.ins
TENURE = 40
INITIAL SOLUTION = STEPS
SEED = 1679628424
ITERATIONS RAN = 800
TABU RUNTIME = 114 SECONDS
BEST VALUE = 6008
-----------------------------
INPUT FILE = ..\..\mdmt40.112.A.ins
TENURE = 10
INITIAL SOLUTION = STEPS
SEED = 1679629500
ITERATIONS RAN = 800
TABU RUNTIME = 126 SECONDS
BEST VALUE = 5780
-----------------------------
INPUT FILE = ..\..\mdmt40.112.A.ins
TENURE = 80
INITIAL SOLUTION = STEPS
SEED = 1679630564
ITERATIONS RAN = 900
TABU RUNTIME = 97 SECONDS
BEST VALUE = 6039
-----------------------------
INPUT FILE = ..\..\mdmt40.112.A.ins
TENURE = 60
INITIAL SOLUTION = STEPS
SEED = 1679631836
ITERATIONS RAN = 900
TABU RUNTIME = 97 SECONDS
BEST VALUE = 6086
-----------------------------
