INPUT FILE = ..\..\mdmt40.225.A.ins
TENURE = 40
INITIAL SOLUTION = STEPS
SEED = 1679628656
ITERATIONS RAN = 800
TABU RUNTIME = 83 SECONDS
BEST VALUE = 4280
-----------------------------
INPUT FILE = ..\..\mdmt40.225.A.ins
TENURE = 10
INITIAL SOLUTION = STEPS
SEED = 1679629725
ITERATIONS RAN = 800
TABU RUNTIME = 69 SECONDS
BEST VALUE = 4099
-----------------------------
INPUT FILE = ..\..\mdmt40.225.A.ins
TENURE = 80
INITIAL SOLUTION = STEPS
SEED = 1679630760
ITERATIONS RAN = 900
TABU RUNTIME = 68 SECONDS
BEST VALUE = 4311
-----------------------------
INPUT FILE = ..\..\mdmt40.225.A.ins
TENURE = 60
INITIAL SOLUTION = STEPS
SEED = 1679632024
ITERATIONS RAN = 900
TABU RUNTIME = 60 SECONDS
BEST VALUE = 4332
-----------------------------
